@ui
Feature: Affichage de la page d'accueil # features/homepage/homepage_produits.feature:2
  En tant que visiteur du site Demoblaze
  Je veux que la page d'accueil s'affiche correctement
  Afin de pouvoir consulter les produits disponibles
  Scenario: La homepage affiche des produits  # features/homepage/homepage_produits.feature:7
    Given j'ouvre la page d'accueil           # features/steps/common_steps.py:80
    Then le titre de la page est correct      # features/steps/homepage_produits_steps.py:6
    And la liste des produits est visible     # features/steps/homepage_produits_steps.py:15
    And au moins un produit est affiché       # features/steps/homepage_produits_steps.py:23
    And chaque produit a un nom et un prix    # features/steps/homepage_produits_steps.py:34

Feature: Ajout de produits au panier # features/panier/ajout_panier.feature:7

  Background:   # features/panier/ajout_panier.feature:9

  Scenario: Ajout d'un produit au panier depuis la page produit            # features/panier/ajout_panier.feature:17
    Given le catalogue de produits est chargé depuis l'API                 # features/steps/common_steps.py:38
    Given mon panier est vide                                              # features/steps/common_steps.py:125
    And je suis sur la page produit de "Samsung galaxy s6"                 # features/steps/common_steps.py:103
    When je clique sur le bouton "Add to cart"                             # features/steps/ajout_panier_steps.py:12
    Then le produit "Samsung galaxy s6" est présent dans mon panier        # features/steps/ajout_panier_steps.py:58
    And la quantité du produit "Samsung galaxy s6" dans le panier est de 1 # features/steps/ajout_panier_steps.py:68

  Scenario: Ajout de plusieurs produits différents au panier  # features/panier/ajout_panier.feature:29
    Given le catalogue de produits est chargé depuis l'API    # features/steps/common_steps.py:38
    Given mon panier est vide                                 # features/steps/common_steps.py:125
    And je suis sur la page produit de "Samsung galaxy s6"    # features/steps/common_steps.py:103
    When je clique sur le bouton "Add to cart"                # features/steps/ajout_panier_steps.py:12
    And je navigue vers la page produit de "Nokia lumia 1520" # features/steps/ajout_panier_steps.py:44
    And je clique sur le bouton "Add to cart"                 # features/steps/ajout_panier_steps.py:12
    Then mon panier contient les produits suivants            # features/steps/ajout_panier_steps.py:80
      | produit           |
      | Samsung galaxy s6 |
      | Nokia lumia 1520  |
    And chaque produit a une quantité de 1                    # features/steps/ajout_panier_steps.py:91

  Scenario Outline: Ajout de plusieurs quantités d'un męme produit -- @1.1   # features/panier/ajout_panier.feature:55
    Given le catalogue de produits est chargé depuis l'API                   # features/steps/common_steps.py:38
    Given mon panier est vide                                                # features/steps/common_steps.py:125
    And je suis sur la page produit de "Samsung galaxy s6"                   # features/steps/common_steps.py:103
    When je clique 2 fois sur le bouton "Add to cart"                        # features/steps/ajout_panier_steps.py:38
    Then la quantité du produit "Samsung galaxy s6" dans le panier est de 2  # features/steps/ajout_panier_steps.py:68
    And le sous-total du produit "Samsung galaxy s6" est correct             # features/steps/ajout_panier_steps.py:100

  Scenario Outline: Ajout de plusieurs quantités d'un męme produit -- @1.2   # features/panier/ajout_panier.feature:56
    Given le catalogue de produits est chargé depuis l'API                   # features/steps/common_steps.py:38
    Given mon panier est vide                                                # features/steps/common_steps.py:125
    And je suis sur la page produit de "Nokia lumia 1520"                    # features/steps/common_steps.py:103
    When je clique 3 fois sur le bouton "Add to cart"                        # features/steps/ajout_panier_steps.py:38
    Then la quantité du produit "Nokia lumia 1520" dans le panier est de 3   # features/steps/ajout_panier_steps.py:68
    And le sous-total du produit "Nokia lumia 1520" est correct              # features/steps/ajout_panier_steps.py:100

  Scenario: Le prix du produit ajouté correspond au catalogue  # features/panier/ajout_panier.feature:63
    Given le catalogue de produits est chargé depuis l'API     # features/steps/common_steps.py:38
    Given je suis sur la page produit de "Samsung galaxy s6"   # features/steps/common_steps.py:103
    Then le prix affiché correspond au prix du catalogue       # features/steps/ajout_panier_steps.py:111

  Scenario: Le total du panier est correct aprčs ajout de plusieurs produits  # features/panier/ajout_panier.feature:72
    Given le catalogue de produits est chargé depuis l'API                    # features/steps/common_steps.py:38
    Given mon panier est vide                                                 # features/steps/common_steps.py:125
    And je suis sur la page produit de "Samsung galaxy s6"                    # features/steps/common_steps.py:103
    When je clique sur le bouton "Add to cart"                                # features/steps/ajout_panier_steps.py:12
    And je navigue vers la page produit de "Nokia lumia 1520"                 # features/steps/ajout_panier_steps.py:44
    And je clique sur le bouton "Add to cart"                                 # features/steps/ajout_panier_steps.py:12
    Then le total du panier correspond ŕ la somme des prix × quantités        # features/steps/ajout_panier_steps.py:122

Feature: Vérification du montant total de la commande # features/panier/panier_total.feature:7

  Background:   # features/panier/panier_total.feature:9

  Scenario Outline: Calcul du total pour un seul produit -- @1.1   # features/panier/panier_total.feature:23
    Given le catalogue de produits est chargé depuis l'API         # features/steps/common_steps.py:38
    Given mon panier contient 1 unité(s) de "Samsung galaxy s6"    # features/steps/panier_total_steps.py:8
    Then le total calculé correspond ŕ 1 fois le prix du produit   # features/steps/panier_total_steps.py:52

  Scenario Outline: Calcul du total pour un seul produit -- @1.2   # features/panier/panier_total.feature:24
    Given le catalogue de produits est chargé depuis l'API         # features/steps/common_steps.py:38
    Given mon panier contient 3 unité(s) de "Samsung galaxy s6"    # features/steps/panier_total_steps.py:8
    Then le total calculé correspond ŕ 3 fois le prix du produit   # features/steps/panier_total_steps.py:52

  Scenario Outline: Calcul du total pour un seul produit -- @1.3   # features/panier/panier_total.feature:25
    Given le catalogue de produits est chargé depuis l'API         # features/steps/common_steps.py:38
    Given mon panier contient 2 unité(s) de "Nokia lumia 1520"     # features/steps/panier_total_steps.py:8
    Then le total calculé correspond ŕ 2 fois le prix du produit   # features/steps/panier_total_steps.py:52

  Scenario: Calcul du total pour plusieurs produits différents       # features/panier/panier_total.feature:28
    Given le catalogue de produits est chargé depuis l'API           # features/steps/common_steps.py:38
    Given mon panier contient les produits suivants                  # features/steps/common_steps.py:133
      | produit           | quantite |
      | Samsung galaxy s6 | 2        |
      | Nokia lumia 1520  | 1        |
      | Sony vaio i5      | 1        |
    Then le total calculé correspond ŕ la somme des prix × quantités # features/steps/panier_total_steps.py:38

  Scenario: Le total est recalculé aprčs modification de quantité    # features/panier/panier_total.feature:41
    Given le catalogue de produits est chargé depuis l'API           # features/steps/common_steps.py:38
    Given mon panier contient 1 unité(s) de "Samsung galaxy s6"      # features/steps/panier_total_steps.py:8
    When je modifie la quantité de "Samsung galaxy s6" ŕ 3           # features/steps/panier_total_steps.py:25
    Then le total calculé correspond ŕ la somme des prix × quantités # features/steps/panier_total_steps.py:38

  Scenario: Le total est recalculé aprčs suppression d'un produit    # features/panier/panier_total.feature:47
    Given le catalogue de produits est chargé depuis l'API           # features/steps/common_steps.py:38
    Given mon panier contient les produits suivants                  # features/steps/common_steps.py:133
      | produit           | quantite |
      | Samsung galaxy s6 | 1        |
      | Nokia lumia 1520  | 1        |
    When je supprime le produit "Nokia lumia 1520" du panier         # features/steps/common_steps.py:154
    Then le total calculé correspond ŕ la somme des prix × quantités # features/steps/panier_total_steps.py:38

  Scenario: Le total est identique du panier jusqu'ŕ la confirmation  # features/panier/panier_total.feature:60
    Given le catalogue de produits est chargé depuis l'API            # features/steps/common_steps.py:38
    Given mon panier contient les produits suivants                   # features/steps/common_steps.py:133
      | produit           | quantite |
      | Samsung galaxy s6 | 1        |
      | Nokia lumia 1520  | 1        |
    When je passe la commande                                         # features/steps/common_steps.py:167
    Then le total de la commande est identique au total du panier     # features/steps/panier_total_steps.py:66

  Scenario: Le total est affiché avec le bon format monétaire            # features/panier/panier_total.feature:73
    Given le catalogue de produits est chargé depuis l'API               # features/steps/common_steps.py:38
    Given mon panier contient 1 unité(s) de "Samsung galaxy s6"          # features/steps/panier_total_steps.py:8
    Then le total est affiché avec le symbole "$" et 2 décimales exactes # features/steps/panier_total_steps.py:77

Feature: Sauvegarde du panier # features/panier/persistance_panier.feature:7

  Background:   # features/panier/persistance_panier.feature:9

  Scenario: Le panier est sauvegardé avec les produits et leurs quantités  # features/panier/persistance_panier.feature:17
    Given le catalogue de produits est chargé depuis l'API                 # features/steps/common_steps.py:38
    Given mon panier est vide                                              # features/steps/common_steps.py:125
    And mon panier contient les produits suivants                          # features/steps/common_steps.py:133
      | produit           | quantite |
      | Samsung galaxy s6 | 2        |
      | Nokia lumia 1520  | 1        |
    When je sauvegarde mon panier                                          # features/steps/persistance_panier.py:11
    And je restaure mon panier                                             # features/steps/persistance_panier.py:20
    Then le panier restauré contient les produits suivants                 # features/steps/persistance_panier.py:34
      | produit           | quantite |
      | Samsung galaxy s6 | 2        |
      | Nokia lumia 1520  | 1        |

  Scenario: La sauvegarde reflčte la suppression d'un produit du panier    # features/panier/persistance_panier.feature:31
    Given le catalogue de produits est chargé depuis l'API                 # features/steps/common_steps.py:38
    Given mon panier est vide                                              # features/steps/common_steps.py:125
    And mon panier contient les produits suivants                          # features/steps/common_steps.py:133
      | produit           | quantite |
      | Samsung galaxy s6 | 1        |
      | Nokia lumia 1520  | 1        |
    When je supprime le produit "Nokia lumia 1520" du panier               # features/steps/common_steps.py:154
    And je sauvegarde mon panier                                           # features/steps/persistance_panier.py:11
    And je restaure mon panier                                             # features/steps/persistance_panier.py:20
    Then le produit "Nokia lumia 1520" n'est plus présent dans le panier   # features/steps/persistance_panier.py:52
    And le produit "Samsung galaxy s6" est toujours présent dans le panier # features/steps/persistance_panier.py:63

  Scenario: Le panier sauvegardé peut ętre utilisé pour passer commande  # features/panier/persistance_panier.feature:44
    Given le catalogue de produits est chargé depuis l'API               # features/steps/common_steps.py:38
    Given mon panier est vide                                            # features/steps/common_steps.py:125
    And mon panier contient les produits suivants                        # features/steps/common_steps.py:133
      | produit           | quantite |
      | Samsung galaxy s6 | 2        |
      | Nokia lumia 1520  | 1        |
    When je sauvegarde mon panier                                        # features/steps/persistance_panier.py:11
    And je passe la commande                                             # features/steps/common_steps.py:167
    Then le total de la commande est identique au total du panier        # features/steps/panier_total_steps.py:66

  Scenario: Le total du panier restauré est correct                  # features/panier/persistance_panier.feature:55
    Given le catalogue de produits est chargé depuis l'API           # features/steps/common_steps.py:38
    Given mon panier est vide                                        # features/steps/common_steps.py:125
    And mon panier contient les produits suivants                    # features/steps/common_steps.py:133
      | produit           | quantite |
      | Samsung galaxy s6 | 2        |
      | Nokia lumia 1520  | 1        |
    When je sauvegarde mon panier                                    # features/steps/persistance_panier.py:11
    And je restaure mon panier                                       # features/steps/persistance_panier.py:20
    Then le total calculé correspond ŕ la somme des prix × quantités # features/steps/panier_total_steps.py:38
